Using GPU 4
2025-03-03 09:44:35,515 - lisa - INFO - Running on the following (M, mu) grid points: [[10000.0, 0.01], [16237.76739188721, 0.01623776739188721], [26366.508987303554, 0.02636650898730355], [42813.32398719396, 0.04281332398719396], [69519.27961775605, 0.06951927961775604], [112883.78916846884, 0.11288378916846883], [183298.07108324376, 0.18329807108324375], [297635.14416313195, 0.2976351441631319], [483293.0238571752, 0.48329302385717515], [784759.9703514606, 0.7847599703514606], [1274274.985703132, 1.2742749857031321], [2069138.0811147902, 2.06913808111479], [3359818.286283781, 3.359818286283781], [5455594.781168515, 5.455594781168514], [8858667.904100832, 8.858667904100832], [14384498.882876629, 14.384498882876628], [23357214.690901212, 23.357214690901213], [37926901.90732246, 37.92690190732246], [61584821.10660254, 61.58482110660254], [100000000.0, 100.0], [10000.0, 0.1], [16237.76739188721, 0.16237767391887212], [26366.508987303554, 0.26366508987303555], [42813.32398719396, 0.42813323987193963], [69519.27961775605, 0.6951927961775606], [112883.78916846884, 1.1288378916846884], [183298.07108324376, 1.8329807108324379], [297635.14416313195, 2.9763514416313197], [483293.0238571752, 4.832930238571753], [784759.9703514606, 7.847599703514607], [1274274.985703132, 12.742749857031322], [2069138.0811147902, 20.691380811147905], [3359818.286283781, 33.59818286283781], [5455594.781168515, 54.55594781168515], [8858667.904100832, 88.58667904100832], [14384498.882876629, 143.8449888287663], [23357214.690901212, 233.57214690901213], [37926901.90732246, 379.2690190732246], [61584821.10660254, 615.8482110660254], [100000000.0, 1000.0000000000001], [10000.0, 1.0], [16237.76739188721, 1.623776739188721], [26366.508987303554, 2.6366508987303554], [42813.32398719396, 4.281332398719396], [69519.27961775605, 6.951927961775605], [112883.78916846884, 11.288378916846884], [183298.07108324376, 18.329807108324378], [297635.14416313195, 29.763514416313196], [483293.0238571752, 48.32930238571752], [784759.9703514606, 78.47599703514607], [1274274.985703132, 127.42749857031322], [2069138.0811147902, 206.91380811147903], [3359818.286283781, 335.9818286283781], [5455594.781168515, 545.5594781168516], [8858667.904100832, 885.8667904100832], [14384498.882876629, 1438.449888287663], [23357214.690901212, 2335.7214690901214], [37926901.90732246, 3792.6901907322463], [61584821.10660254, 6158.482110660255], [100000000.0, 10000.0], [10000.0, 10.0], [16237.76739188721, 16.23776739188721], [26366.508987303554, 26.366508987303554], [42813.32398719396, 42.81332398719396], [69519.27961775605, 69.51927961775606], [112883.78916846884, 112.88378916846884], [183298.07108324376, 183.29807108324377], [297635.14416313195, 297.63514416313194], [483293.0238571752, 483.2930238571752], [784759.9703514606, 784.7599703514607], [1274274.985703132, 1274.2749857031322], [2069138.0811147902, 2069.13808111479], [3359818.286283781, 3359.8182862837807], [5455594.781168515, 5455.594781168515], [8858667.904100832, 8858.667904100832], [14384498.882876629, 14384.498882876629], [23357214.690901212, 23357.21469090121], [37926901.90732246, 37926.90190732246], [61584821.10660254, 61584.82110660255]]
2025-03-03 09:44:35,602 - lisa - INFO - using noise model SciRDv1
2025-03-03 09:44:35,602 - lisa - INFO - Adding the WD confusion foreground with Tobs=3.5 years
2025-03-03 09:45:04,257 - lisa - WARNING - Skipping (M, mu)=(10000.0, 0.01) due to mass limits
2025-03-03 09:45:04,258 - lisa - WARNING - Skipping (M, mu)=(16237.76739188721, 0.01623776739188721) due to mass limits
2025-03-03 09:45:04,258 - lisa - WARNING - Skipping (M, mu)=(26366.508987303554, 0.02636650898730355) due to mass limits
2025-03-03 09:45:04,258 - lisa - WARNING - Skipping (M, mu)=(42813.32398719396, 0.04281332398719396) due to mass limits
2025-03-03 09:45:04,258 - lisa - WARNING - Skipping (M, mu)=(69519.27961775605, 0.06951927961775604) due to mass limits
2025-03-03 09:45:04,258 - lisa - INFO - Started processing (M, mu)=(112883.78916846884, 0.11288378916846883)
2025-03-03 09:45:36,914 - lisa - INFO - New p0 found
2025-03-03 09:45:36,914 - lisa - INFO - new p0=10.392245201527043
2025-03-03 09:48:06,683 - lisa - INFO - Finished processing (M, mu)=(112883.78916846884, 0.11288378916846883); etime=182.42508006095886; ram=(82605932, 347692432)
2025-03-03 09:48:06,987 - lisa - INFO - Getting the horizon z for (M, mu)=(112883.78916846884, 0.11288378916846883)
2025-03-03 09:48:06,996 - lisa - INFO - Finished finding horizon z for (M, mu)=(112883.78916846884, 0.11288378916846883)
2025-03-03 09:48:06,996 - lisa - INFO - Started processing (M, mu)=(183298.07108324376, 0.18329807108324375)
2025-03-03 09:48:15,107 - lisa - INFO - New p0 found
2025-03-03 09:48:15,108 - lisa - INFO - new p0=9.373674064809826
2025-03-03 09:49:46,035 - lisa - INFO - Finished processing (M, mu)=(183298.07108324376, 0.18329807108324375); etime=99.03747129440308; ram=(967483, 266044684)
2025-03-03 09:49:46,036 - lisa - INFO - Getting the horizon z for (M, mu)=(183298.07108324376, 0.18329807108324375)
2025-03-03 09:49:46,040 - lisa - INFO - Finished finding horizon z for (M, mu)=(183298.07108324376, 0.18329807108324375)
2025-03-03 09:49:46,040 - lisa - INFO - Started processing (M, mu)=(297635.14416313195, 0.2976351441631319)
2025-03-03 09:49:52,945 - lisa - INFO - New p0 found
2025-03-03 09:49:52,946 - lisa - INFO - new p0=8.500172233211256
2025-03-03 09:51:21,822 - lisa - INFO - Finished processing (M, mu)=(297635.14416313195, 0.2976351441631319); etime=95.78155136108398; ram=(963989, 266038535)
2025-03-03 09:51:21,823 - lisa - INFO - Getting the horizon z for (M, mu)=(297635.14416313195, 0.2976351441631319)
2025-03-03 09:51:21,826 - lisa - INFO - Finished finding horizon z for (M, mu)=(297635.14416313195, 0.2976351441631319)
2025-03-03 09:51:21,826 - lisa - INFO - Started processing (M, mu)=(483293.0238571752, 0.48329302385717515)
2025-03-03 09:51:28,570 - lisa - INFO - New p0 found
2025-03-03 09:51:28,571 - lisa - INFO - new p0=7.758153519869024
2025-03-03 09:53:04,852 - lisa - INFO - Finished processing (M, mu)=(483293.0238571752, 0.48329302385717515); etime=103.02598261833191; ram=(964515, 266032631)
2025-03-03 09:53:04,853 - lisa - INFO - Getting the horizon z for (M, mu)=(483293.0238571752, 0.48329302385717515)
2025-03-03 09:53:04,857 - lisa - INFO - Finished finding horizon z for (M, mu)=(483293.0238571752, 0.48329302385717515)
2025-03-03 09:53:04,857 - lisa - INFO - Started processing (M, mu)=(784759.9703514606, 0.7847599703514606)
2025-03-03 09:53:11,019 - lisa - INFO - New p0 found
2025-03-03 09:53:11,019 - lisa - INFO - new p0=7.135103985143461
2025-03-03 09:54:40,836 - lisa - INFO - Finished processing (M, mu)=(784759.9703514606, 0.7847599703514606); etime=95.9787437915802; ram=(965851, 266033389)
2025-03-03 09:54:40,837 - lisa - INFO - Getting the horizon z for (M, mu)=(784759.9703514606, 0.7847599703514606)
2025-03-03 09:54:40,840 - lisa - INFO - Finished finding horizon z for (M, mu)=(784759.9703514606, 0.7847599703514606)
2025-03-03 09:54:40,840 - lisa - INFO - Started processing (M, mu)=(1274274.985703132, 1.2742749857031321)
2025-03-03 09:54:49,853 - lisa - INFO - New p0 found
2025-03-03 09:54:49,853 - lisa - INFO - new p0=6.619020681072066
2025-03-03 09:56:19,837 - lisa - INFO - Finished processing (M, mu)=(1274274.985703132, 1.2742749857031321); etime=98.99700236320496; ram=(971736, 266038012)
2025-03-03 09:56:19,838 - lisa - INFO - Getting the horizon z for (M, mu)=(1274274.985703132, 1.2742749857031321)
2025-03-03 09:56:19,842 - lisa - INFO - Finished finding horizon z for (M, mu)=(1274274.985703132, 1.2742749857031321)
2025-03-03 09:56:19,842 - lisa - INFO - Started processing (M, mu)=(2069138.0811147902, 2.06913808111479)
2025-03-03 09:56:27,368 - lisa - INFO - New p0 found
2025-03-03 09:56:27,369 - lisa - INFO - new p0=6.197909975960289
2025-03-03 09:57:58,170 - lisa - INFO - Finished processing (M, mu)=(2069138.0811147902, 2.06913808111479); etime=98.32851004600525; ram=(966179, 266026119)
2025-03-03 09:57:58,171 - lisa - INFO - Getting the horizon z for (M, mu)=(2069138.0811147902, 2.06913808111479)
2025-03-03 09:57:58,175 - lisa - INFO - Finished finding horizon z for (M, mu)=(2069138.0811147902, 2.06913808111479)
2025-03-03 09:57:58,175 - lisa - INFO - Started processing (M, mu)=(3359818.286283781, 3.359818286283781)
2025-03-03 09:58:03,284 - lisa - INFO - New p0 found
2025-03-03 09:58:03,284 - lisa - INFO - new p0=5.859519467901029
2025-03-03 09:59:30,890 - lisa - INFO - Finished processing (M, mu)=(3359818.286283781, 3.359818286283781); etime=92.71489787101746; ram=(968179, 266022207)
2025-03-03 09:59:30,891 - lisa - INFO - Getting the horizon z for (M, mu)=(3359818.286283781, 3.359818286283781)
2025-03-03 09:59:30,895 - lisa - INFO - Finished finding horizon z for (M, mu)=(3359818.286283781, 3.359818286283781)
2025-03-03 09:59:30,895 - lisa - INFO - Started processing (M, mu)=(5455594.781168515, 5.455594781168514)
2025-03-03 09:59:37,199 - lisa - INFO - New p0 found
2025-03-03 09:59:37,200 - lisa - INFO - new p0=5.591449614897207
2025-03-03 10:01:01,815 - lisa - INFO - Finished processing (M, mu)=(5455594.781168515, 5.455594781168514); etime=90.91984868049622; ram=(975142, 266028906)
2025-03-03 10:01:01,816 - lisa - INFO - Getting the horizon z for (M, mu)=(5455594.781168515, 5.455594781168514)
2025-03-03 10:01:01,819 - lisa - INFO - Finished finding horizon z for (M, mu)=(5455594.781168515, 5.455594781168514)
2025-03-03 10:01:01,820 - lisa - INFO - Started processing (M, mu)=(8858667.904100832, 8.858667904100832)
2025-03-03 10:01:09,292 - lisa - INFO - New p0 found
2025-03-03 10:01:09,292 - lisa - INFO - new p0=5.381618325724873
2025-03-03 10:02:33,358 - lisa - INFO - Finished processing (M, mu)=(8858667.904100832, 8.858667904100832); etime=91.53874278068542; ram=(973853, 266029973)
2025-03-03 10:02:33,359 - lisa - INFO - Getting the horizon z for (M, mu)=(8858667.904100832, 8.858667904100832)
2025-03-03 10:02:33,363 - lisa - INFO - Finished finding horizon z for (M, mu)=(8858667.904100832, 8.858667904100832)
2025-03-03 10:02:33,363 - lisa - INFO - Started processing (M, mu)=(14384498.882876629, 14.384498882876628)
2025-03-03 10:02:40,595 - lisa - INFO - New p0 found
2025-03-03 10:02:40,595 - lisa - INFO - new p0=5.218858233562901
2025-03-03 10:04:00,697 - lisa - INFO - Finished processing (M, mu)=(14384498.882876629, 14.384498882876628); etime=87.33339309692383; ram=(1000969, 266054861)
2025-03-03 10:04:00,697 - lisa - INFO - Getting the horizon z for (M, mu)=(14384498.882876629, 14.384498882876628)
2025-03-03 10:04:00,701 - lisa - INFO - Finished finding horizon z for (M, mu)=(14384498.882876629, 14.384498882876628)
2025-03-03 10:04:00,701 - lisa - INFO - Started processing (M, mu)=(23357214.690901212, 23.357214690901213)
2025-03-03 10:04:07,171 - lisa - INFO - New p0 found
2025-03-03 10:04:07,171 - lisa - INFO - new p0=5.093388041676119
2025-03-03 10:05:25,297 - lisa - INFO - Finished processing (M, mu)=(23357214.690901212, 23.357214690901213); etime=84.5951623916626; ram=(980523, 266034527)
2025-03-03 10:05:25,297 - lisa - INFO - Getting the horizon z for (M, mu)=(23357214.690901212, 23.357214690901213)
2025-03-03 10:05:25,302 - lisa - INFO - Finished finding horizon z for (M, mu)=(23357214.690901212, 23.357214690901213)
2025-03-03 10:05:25,302 - lisa - INFO - Started processing (M, mu)=(37926901.90732246, 37.92690190732246)
2025-03-03 10:05:30,925 - lisa - INFO - New p0 found
2025-03-03 10:05:30,925 - lisa - INFO - new p0=4.997025396564668
2025-03-03 10:06:43,452 - lisa - INFO - Finished processing (M, mu)=(37926901.90732246, 37.92690190732246); etime=78.15045619010925; ram=(980819, 266034655)
2025-03-03 10:06:43,453 - lisa - INFO - Getting the horizon z for (M, mu)=(37926901.90732246, 37.92690190732246)
2025-03-03 10:06:43,457 - lisa - INFO - Finished finding horizon z for (M, mu)=(37926901.90732246, 37.92690190732246)
2025-03-03 10:06:43,457 - lisa - INFO - Started processing (M, mu)=(61584821.10660254, 61.58482110660254)
2025-03-03 10:06:48,292 - lisa - INFO - New p0 found
2025-03-03 10:06:48,293 - lisa - INFO - new p0=4.923159884451162
2025-03-03 10:08:01,543 - lisa - INFO - Finished processing (M, mu)=(61584821.10660254, 61.58482110660254); etime=78.0864953994751; ram=(980171, 266034175)
2025-03-03 10:08:01,544 - lisa - INFO - Getting the horizon z for (M, mu)=(61584821.10660254, 61.58482110660254)
2025-03-03 10:08:01,548 - lisa - INFO - Finished finding horizon z for (M, mu)=(61584821.10660254, 61.58482110660254)
2025-03-03 10:08:01,548 - lisa - INFO - Started processing (M, mu)=(100000000.0, 100.0)
2025-03-03 10:08:06,282 - lisa - INFO - New p0 found
2025-03-03 10:08:06,282 - lisa - INFO - new p0=4.866578359598896
2025-03-03 10:09:17,196 - lisa - INFO - Finished processing (M, mu)=(100000000.0, 100.0); etime=75.64783906936646; ram=(979203, 266036295)
2025-03-03 10:09:17,197 - lisa - INFO - Getting the horizon z for (M, mu)=(100000000.0, 100.0)
2025-03-03 10:09:17,201 - lisa - INFO - Finished finding horizon z for (M, mu)=(100000000.0, 100.0)
2025-03-03 10:09:17,201 - lisa - INFO - Started processing (M, mu)=(10000.0, 0.1)
2025-03-03 10:09:38,780 - lisa - INFO - New p0 found
2025-03-03 10:09:38,780 - lisa - INFO - new p0=32.24600306718698
2025-03-03 10:11:38,712 - lisa - INFO - Finished processing (M, mu)=(10000.0, 0.1); etime=141.51107692718506; ram=(3732333, 268823768)
2025-03-03 10:11:38,731 - lisa - INFO - Getting the horizon z for (M, mu)=(10000.0, 0.1)
2025-03-03 10:11:38,737 - lisa - INFO - Finished finding horizon z for (M, mu)=(10000.0, 0.1)
2025-03-03 10:11:38,737 - lisa - INFO - Started processing (M, mu)=(16237.76739188721, 0.16237767391887212)
2025-03-03 10:11:49,089 - lisa - INFO - New p0 found
2025-03-03 10:11:49,089 - lisa - INFO - new p0=28.582629747380125
2025-03-03 10:13:23,536 - lisa - INFO - Finished processing (M, mu)=(16237.76739188721, 0.16237767391887212); etime=104.7995057106018; ram=(962135, 266043331)
2025-03-03 10:13:23,537 - lisa - INFO - Getting the horizon z for (M, mu)=(16237.76739188721, 0.16237767391887212)
2025-03-03 10:13:23,541 - lisa - INFO - Finished finding horizon z for (M, mu)=(16237.76739188721, 0.16237767391887212)
2025-03-03 10:13:23,541 - lisa - INFO - Started processing (M, mu)=(26366.508987303554, 0.26366508987303555)
2025-03-03 10:13:34,989 - lisa - INFO - New p0 found
2025-03-03 10:13:34,989 - lisa - INFO - new p0=25.3455503318455
2025-03-03 10:15:19,496 - lisa - INFO - Finished processing (M, mu)=(26366.508987303554, 0.26366508987303555); etime=115.95517182350159; ram=(962915, 266040155)
2025-03-03 10:15:19,497 - lisa - INFO - Getting the horizon z for (M, mu)=(26366.508987303554, 0.26366508987303555)
2025-03-03 10:15:19,501 - lisa - INFO - Finished finding horizon z for (M, mu)=(26366.508987303554, 0.26366508987303555)
2025-03-03 10:15:19,501 - lisa - INFO - Started processing (M, mu)=(42813.32398719396, 0.42813323987193963)
2025-03-03 10:15:35,631 - lisa - INFO - New p0 found
2025-03-03 10:15:35,631 - lisa - INFO - new p0=22.4871551013581
2025-03-03 10:17:17,098 - lisa - INFO - Finished processing (M, mu)=(42813.32398719396, 0.42813323987193963); etime=117.59733176231384; ram=(966607, 266038059)
2025-03-03 10:17:17,099 - lisa - INFO - Getting the horizon z for (M, mu)=(42813.32398719396, 0.42813323987193963)
2025-03-03 10:17:17,103 - lisa - INFO - Finished finding horizon z for (M, mu)=(42813.32398719396, 0.42813323987193963)
2025-03-03 10:17:17,103 - lisa - INFO - Started processing (M, mu)=(69519.27961775605, 0.6951927961775606)
2025-03-03 10:17:32,054 - lisa - INFO - New p0 found
2025-03-03 10:17:32,054 - lisa - INFO - new p0=19.965460672967076
2025-03-03 10:19:16,620 - lisa - INFO - Finished processing (M, mu)=(69519.27961775605, 0.6951927961775606); etime=119.51691055297852; ram=(972995, 266031567)
2025-03-03 10:19:16,621 - lisa - INFO - Getting the horizon z for (M, mu)=(69519.27961775605, 0.6951927961775606)
2025-03-03 10:19:16,625 - lisa - INFO - Finished finding horizon z for (M, mu)=(69519.27961775605, 0.6951927961775606)
2025-03-03 10:19:16,625 - lisa - INFO - Started processing (M, mu)=(112883.78916846884, 1.1288378916846884)
2025-03-03 10:19:29,437 - lisa - INFO - New p0 found
2025-03-03 10:19:29,437 - lisa - INFO - new p0=17.743499757563427
2025-03-03 10:21:19,658 - lisa - INFO - Finished processing (M, mu)=(112883.78916846884, 1.1288378916846884); etime=123.03273415565491; ram=(973603, 266027679)
2025-03-03 10:21:19,659 - lisa - INFO - Getting the horizon z for (M, mu)=(112883.78916846884, 1.1288378916846884)
2025-03-03 10:21:19,662 - lisa - INFO - Finished finding horizon z for (M, mu)=(112883.78916846884, 1.1288378916846884)
2025-03-03 10:21:19,663 - lisa - INFO - Started processing (M, mu)=(183298.07108324376, 1.8329807108324379)
2025-03-03 10:21:32,545 - lisa - INFO - New p0 found
2025-03-03 10:21:32,546 - lisa - INFO - new p0=15.788780265601405
2025-03-03 10:23:19,034 - lisa - INFO - Finished processing (M, mu)=(183298.07108324376, 1.8329807108324379); etime=119.37172198295593; ram=(978511, 266032347)
2025-03-03 10:23:19,035 - lisa - INFO - Getting the horizon z for (M, mu)=(183298.07108324376, 1.8329807108324379)
2025-03-03 10:23:19,039 - lisa - INFO - Finished finding horizon z for (M, mu)=(183298.07108324376, 1.8329807108324379)
2025-03-03 10:23:19,039 - lisa - INFO - Started processing (M, mu)=(297635.14416313195, 2.9763514416313197)
2025-03-03 10:23:32,571 - lisa - INFO - New p0 found
2025-03-03 10:23:32,572 - lisa - INFO - new p0=14.072802094701458
2025-03-03 10:25:14,240 - lisa - INFO - Finished processing (M, mu)=(297635.14416313195, 2.9763514416313197); etime=115.20087337493896; ram=(980067, 266034271)
2025-03-03 10:25:14,241 - lisa - INFO - Getting the horizon z for (M, mu)=(297635.14416313195, 2.9763514416313197)
2025-03-03 10:25:14,244 - lisa - INFO - Finished finding horizon z for (M, mu)=(297635.14416313195, 2.9763514416313197)
2025-03-03 10:25:14,245 - lisa - INFO - Started processing (M, mu)=(483293.0238571752, 4.832930238571753)
2025-03-03 10:25:22,947 - lisa - INFO - New p0 found
2025-03-03 10:25:22,947 - lisa - INFO - new p0=12.570619226765563
2025-03-03 10:27:05,058 - lisa - INFO - Finished processing (M, mu)=(483293.0238571752, 4.832930238571753); etime=110.81327962875366; ram=(980987, 266034991)
2025-03-03 10:27:05,059 - lisa - INFO - Getting the horizon z for (M, mu)=(483293.0238571752, 4.832930238571753)
2025-03-03 10:27:05,063 - lisa - INFO - Finished finding horizon z for (M, mu)=(483293.0238571752, 4.832930238571753)
2025-03-03 10:27:05,063 - lisa - INFO - Started processing (M, mu)=(784759.9703514606, 7.847599703514607)
2025-03-03 10:27:14,098 - lisa - INFO - New p0 found
2025-03-03 10:27:14,098 - lisa - INFO - new p0=11.260433442079496
2025-03-03 10:28:55,994 - lisa - INFO - Finished processing (M, mu)=(784759.9703514606, 7.847599703514607); etime=110.93071222305298; ram=(982331, 266036783)
2025-03-03 10:28:55,995 - lisa - INFO - Getting the horizon z for (M, mu)=(784759.9703514606, 7.847599703514607)
2025-03-03 10:28:55,998 - lisa - INFO - Finished finding horizon z for (M, mu)=(784759.9703514606, 7.847599703514607)
2025-03-03 10:28:55,998 - lisa - INFO - Started processing (M, mu)=(1274274.985703132, 12.742749857031322)
2025-03-03 10:29:03,938 - lisa - INFO - New p0 found
2025-03-03 10:29:03,939 - lisa - INFO - new p0=10.12320378862478
2025-03-03 10:30:43,332 - lisa - INFO - Finished processing (M, mu)=(1274274.985703132, 12.742749857031322); etime=107.3336923122406; ram=(983827, 266037847)
2025-03-03 10:30:43,333 - lisa - INFO - Getting the horizon z for (M, mu)=(1274274.985703132, 12.742749857031322)
2025-03-03 10:30:43,336 - lisa - INFO - Finished finding horizon z for (M, mu)=(1274274.985703132, 12.742749857031322)
2025-03-03 10:30:43,336 - lisa - INFO - Started processing (M, mu)=(2069138.0811147902, 20.691380811147905)
2025-03-03 10:30:55,015 - lisa - INFO - New p0 found
2025-03-03 10:30:55,015 - lisa - INFO - new p0=9.142252519404144
2025-03-03 10:32:30,227 - lisa - INFO - Finished processing (M, mu)=(2069138.0811147902, 20.691380811147905); etime=106.89067816734314; ram=(988835, 266042727)
2025-03-03 10:32:30,228 - lisa - INFO - Getting the horizon z for (M, mu)=(2069138.0811147902, 20.691380811147905)
2025-03-03 10:32:30,231 - lisa - INFO - Finished finding horizon z for (M, mu)=(2069138.0811147902, 20.691380811147905)
2025-03-03 10:32:30,231 - lisa - INFO - Started processing (M, mu)=(3359818.286283781, 33.59818286283781)
2025-03-03 10:32:40,034 - lisa - INFO - New p0 found
2025-03-03 10:32:40,035 - lisa - INFO - new p0=8.302843897099363
2025-03-03 10:34:17,691 - lisa - INFO - Finished processing (M, mu)=(3359818.286283781, 33.59818286283781); etime=107.45944428443909; ram=(993795, 266047631)
2025-03-03 10:34:17,692 - lisa - INFO - Getting the horizon z for (M, mu)=(3359818.286283781, 33.59818286283781)
2025-03-03 10:34:17,695 - lisa - INFO - Finished finding horizon z for (M, mu)=(3359818.286283781, 33.59818286283781)
2025-03-03 10:34:17,695 - lisa - INFO - Started processing (M, mu)=(5455594.781168515, 54.55594781168515)
2025-03-03 10:34:25,727 - lisa - INFO - New p0 found
2025-03-03 10:34:25,728 - lisa - INFO - new p0=7.591711059793821
2025-03-03 10:35:57,867 - lisa - INFO - Finished processing (M, mu)=(5455594.781168515, 54.55594781168515); etime=100.1715943813324; ram=(952115, 266047791)
2025-03-03 10:35:57,868 - lisa - INFO - Getting the horizon z for (M, mu)=(5455594.781168515, 54.55594781168515)
2025-03-03 10:35:57,871 - lisa - INFO - Finished finding horizon z for (M, mu)=(5455594.781168515, 54.55594781168515)
2025-03-03 10:35:57,871 - lisa - INFO - Started processing (M, mu)=(8858667.904100832, 88.58667904100832)
2025-03-03 10:36:05,025 - lisa - INFO - New p0 found
2025-03-03 10:36:05,026 - lisa - INFO - new p0=6.996520532671495
2025-03-03 10:37:37,338 - lisa - INFO - Finished processing (M, mu)=(8858667.904100832, 88.58667904100832); etime=99.46665549278259; ram=(956315, 266041479)
2025-03-03 10:37:37,339 - lisa - INFO - Getting the horizon z for (M, mu)=(8858667.904100832, 88.58667904100832)
2025-03-03 10:37:37,342 - lisa - INFO - Finished finding horizon z for (M, mu)=(8858667.904100832, 88.58667904100832)
2025-03-03 10:37:37,342 - lisa - INFO - Started processing (M, mu)=(14384498.882876629, 143.8449888287663)
2025-03-03 10:37:44,206 - lisa - INFO - New p0 found
2025-03-03 10:37:44,206 - lisa - INFO - new p0=6.5053128986421855
2025-03-03 10:39:14,943 - lisa - INFO - Finished processing (M, mu)=(14384498.882876629, 143.8449888287663); etime=97.60052037239075; ram=(958347, 266039503)
2025-03-03 10:39:14,944 - lisa - INFO - Getting the horizon z for (M, mu)=(14384498.882876629, 143.8449888287663)
2025-03-03 10:39:14,948 - lisa - INFO - Finished finding horizon z for (M, mu)=(14384498.882876629, 143.8449888287663)
2025-03-03 10:39:14,948 - lisa - INFO - Started processing (M, mu)=(23357214.690901212, 233.57214690901213)
2025-03-03 10:39:23,798 - lisa - INFO - New p0 found
2025-03-03 10:39:23,799 - lisa - INFO - new p0=6.106041747044945
2025-03-03 10:40:51,873 - lisa - INFO - Finished processing (M, mu)=(23357214.690901212, 233.57214690901213); etime=96.92523193359375; ram=(961419, 266037943)
2025-03-03 10:40:51,874 - lisa - INFO - Getting the horizon z for (M, mu)=(23357214.690901212, 233.57214690901213)
2025-03-03 10:40:51,878 - lisa - INFO - Finished finding horizon z for (M, mu)=(23357214.690901212, 233.57214690901213)
2025-03-03 10:40:51,878 - lisa - INFO - Started processing (M, mu)=(37926901.90732246, 379.2690190732246)
2025-03-03 10:40:59,975 - lisa - INFO - New p0 found
2025-03-03 10:40:59,976 - lisa - INFO - new p0=5.786391421844408
2025-03-03 10:42:24,759 - lisa - INFO - Finished processing (M, mu)=(37926901.90732246, 379.2690190732246); etime=92.88070011138916; ram=(965467, 266034327)
2025-03-03 10:42:24,759 - lisa - INFO - Getting the horizon z for (M, mu)=(37926901.90732246, 379.2690190732246)
2025-03-03 10:42:24,763 - lisa - INFO - Finished finding horizon z for (M, mu)=(37926901.90732246, 379.2690190732246)
2025-03-03 10:42:24,763 - lisa - INFO - Started processing (M, mu)=(61584821.10660254, 615.8482110660254)
2025-03-03 10:42:31,193 - lisa - INFO - New p0 found
2025-03-03 10:42:31,194 - lisa - INFO - new p0=5.533988204144335
2025-03-03 10:43:54,196 - lisa - INFO - Finished processing (M, mu)=(61584821.10660254, 615.8482110660254); etime=89.43298888206482; ram=(962747, 266033447)
2025-03-03 10:43:54,197 - lisa - INFO - Getting the horizon z for (M, mu)=(61584821.10660254, 615.8482110660254)
2025-03-03 10:43:54,201 - lisa - INFO - Finished finding horizon z for (M, mu)=(61584821.10660254, 615.8482110660254)
2025-03-03 10:43:54,201 - lisa - INFO - Started processing (M, mu)=(100000000.0, 1000.0000000000001)
2025-03-03 10:43:59,688 - lisa - INFO - New p0 found
2025-03-03 10:43:59,688 - lisa - INFO - new p0=5.336923760923572
2025-03-03 10:45:17,271 - lisa - INFO - Finished processing (M, mu)=(100000000.0, 1000.0000000000001); etime=83.0700888633728; ram=(962715, 266033639)
2025-03-03 10:45:17,272 - lisa - INFO - Getting the horizon z for (M, mu)=(100000000.0, 1000.0000000000001)
2025-03-03 10:45:17,276 - lisa - INFO - Finished finding horizon z for (M, mu)=(100000000.0, 1000.0000000000001)
2025-03-03 10:45:17,276 - lisa - INFO - Started processing (M, mu)=(10000.0, 1.0)
2025-03-03 10:45:31,583 - lisa - INFO - New p0 found
2025-03-03 10:45:31,583 - lisa - INFO - new p0=57.34478028763071
2025-03-03 10:47:36,809 - lisa - INFO - Finished processing (M, mu)=(10000.0, 1.0); etime=139.5329077243805; ram=(964511, 266030427)
2025-03-03 10:47:36,810 - lisa - INFO - Getting the horizon z for (M, mu)=(10000.0, 1.0)
2025-03-03 10:47:36,812 - lisa - INFO - Finished finding horizon z for (M, mu)=(10000.0, 1.0)
2025-03-03 10:47:36,812 - lisa - INFO - Started processing (M, mu)=(16237.76739188721, 1.623776739188721)
2025-03-03 10:47:57,881 - lisa - INFO - New p0 found
2025-03-03 10:47:57,881 - lisa - INFO - new p0=50.787931519027325
2025-03-03 10:49:50,341 - lisa - INFO - Finished processing (M, mu)=(16237.76739188721, 1.623776739188721); etime=133.52852201461792; ram=(973527, 266029299)
2025-03-03 10:49:50,342 - lisa - INFO - Getting the horizon z for (M, mu)=(16237.76739188721, 1.623776739188721)
2025-03-03 10:49:50,346 - lisa - INFO - Finished finding horizon z for (M, mu)=(16237.76739188721, 1.623776739188721)
2025-03-03 10:49:50,346 - lisa - INFO - Started processing (M, mu)=(26366.508987303554, 2.6366508987303554)
2025-03-03 10:50:08,168 - lisa - INFO - New p0 found
2025-03-03 10:50:08,168 - lisa - INFO - new p0=44.98445837809885
2025-03-03 10:52:01,952 - lisa - INFO - Finished processing (M, mu)=(26366.508987303554, 2.6366508987303554); etime=131.60592699050903; ram=(976951, 266034667)
2025-03-03 10:52:01,953 - lisa - INFO - Getting the horizon z for (M, mu)=(26366.508987303554, 2.6366508987303554)
2025-03-03 10:52:01,957 - lisa - INFO - Finished finding horizon z for (M, mu)=(26366.508987303554, 2.6366508987303554)
2025-03-03 10:52:01,957 - lisa - INFO - Started processing (M, mu)=(42813.32398719396, 4.281332398719396)
2025-03-03 10:52:18,150 - lisa - INFO - New p0 found
2025-03-03 10:52:18,150 - lisa - INFO - new p0=39.84885900372498
2025-03-03 10:54:15,965 - lisa - INFO - Finished processing (M, mu)=(42813.32398719396, 4.281332398719396); etime=134.00782656669617; ram=(983199, 266037091)
2025-03-03 10:54:15,966 - lisa - INFO - Getting the horizon z for (M, mu)=(42813.32398719396, 4.281332398719396)
2025-03-03 10:54:15,968 - lisa - INFO - Finished finding horizon z for (M, mu)=(42813.32398719396, 4.281332398719396)
2025-03-03 10:54:15,968 - lisa - INFO - Started processing (M, mu)=(69519.27961775605, 6.951927961775605)
2025-03-03 10:54:30,703 - lisa - INFO - New p0 found
2025-03-03 10:54:30,703 - lisa - INFO - new p0=35.305469932092194
2025-03-03 10:56:21,187 - lisa - INFO - Finished processing (M, mu)=(69519.27961775605, 6.951927961775605); etime=125.21901655197144; ram=(990095, 266044099)
2025-03-03 10:56:21,188 - lisa - INFO - Getting the horizon z for (M, mu)=(69519.27961775605, 6.951927961775605)
2025-03-03 10:56:21,192 - lisa - INFO - Finished finding horizon z for (M, mu)=(69519.27961775605, 6.951927961775605)
2025-03-03 10:56:21,192 - lisa - INFO - Started processing (M, mu)=(112883.78916846884, 11.288378916846884)
2025-03-03 10:56:31,356 - lisa - INFO - New p0 found
2025-03-03 10:56:31,356 - lisa - INFO - new p0=31.287360524637524
2025-03-03 10:58:19,997 - lisa - INFO - Finished processing (M, mu)=(112883.78916846884, 11.288378916846884); etime=118.80522894859314; ram=(993255, 266047099)
2025-03-03 10:58:19,998 - lisa - INFO - Getting the horizon z for (M, mu)=(112883.78916846884, 11.288378916846884)
2025-03-03 10:58:20,002 - lisa - INFO - Finished finding horizon z for (M, mu)=(112883.78916846884, 11.288378916846884)
2025-03-03 10:58:20,002 - lisa - INFO - Started processing (M, mu)=(183298.07108324376, 18.329807108324378)
2025-03-03 10:58:32,024 - lisa - INFO - New p0 found
2025-03-03 10:58:32,024 - lisa - INFO - new p0=27.735356936699755
2025-03-03 11:00:18,596 - lisa - INFO - Finished processing (M, mu)=(183298.07108324376, 18.329807108324378); etime=118.59379267692566; ram=(948355, 266046587)
2025-03-03 11:00:18,597 - lisa - INFO - Getting the horizon z for (M, mu)=(183298.07108324376, 18.329807108324378)
2025-03-03 11:00:18,600 - lisa - INFO - Finished finding horizon z for (M, mu)=(183298.07108324376, 18.329807108324378)
2025-03-03 11:00:18,600 - lisa - INFO - Started processing (M, mu)=(297635.14416313195, 29.763514416313196)
2025-03-03 11:00:29,320 - lisa - INFO - New p0 found
2025-03-03 11:00:29,320 - lisa - INFO - new p0=24.597181051858293
2025-03-03 11:02:10,708 - lisa - INFO - Finished processing (M, mu)=(297635.14416313195, 29.763514416313196); etime=112.10794043540955; ram=(952475, 266041163)
2025-03-03 11:02:10,709 - lisa - INFO - Getting the horizon z for (M, mu)=(297635.14416313195, 29.763514416313196)
2025-03-03 11:02:10,712 - lisa - INFO - Finished finding horizon z for (M, mu)=(297635.14416313195, 29.763514416313196)
2025-03-03 11:02:10,712 - lisa - INFO - Started processing (M, mu)=(483293.0238571752, 48.32930238571752)
2025-03-03 11:02:26,481 - lisa - INFO - New p0 found
2025-03-03 11:02:26,482 - lisa - INFO - new p0=21.82669116759878
2025-03-03 11:04:10,652 - lisa - INFO - Finished processing (M, mu)=(483293.0238571752, 48.32930238571752); etime=119.93972158432007; ram=(959463, 266041127)
2025-03-03 11:04:10,653 - lisa - INFO - Getting the horizon z for (M, mu)=(483293.0238571752, 48.32930238571752)
2025-03-03 11:04:10,656 - lisa - INFO - Finished finding horizon z for (M, mu)=(483293.0238571752, 48.32930238571752)
2025-03-03 11:04:10,657 - lisa - INFO - Started processing (M, mu)=(784759.9703514606, 78.47599703514607)
2025-03-03 11:04:24,925 - lisa - INFO - New p0 found
2025-03-03 11:04:24,925 - lisa - INFO - new p0=19.38321223001106
2025-03-03 11:06:08,682 - lisa - INFO - Finished processing (M, mu)=(784759.9703514606, 78.47599703514607); etime=118.02513670921326; ram=(965131, 266034619)
2025-03-03 11:06:08,683 - lisa - INFO - Getting the horizon z for (M, mu)=(784759.9703514606, 78.47599703514607)
2025-03-03 11:06:08,686 - lisa - INFO - Finished finding horizon z for (M, mu)=(784759.9703514606, 78.47599703514607)
2025-03-03 11:06:08,686 - lisa - INFO - Started processing (M, mu)=(1274274.985703132, 127.42749857031322)
2025-03-03 11:06:22,791 - lisa - INFO - New p0 found
2025-03-03 11:06:22,791 - lisa - INFO - new p0=17.23094400253263
2025-03-03 11:08:04,439 - lisa - INFO - Finished processing (M, mu)=(1274274.985703132, 127.42749857031322); etime=115.75245475769043; ram=(965139, 266030471)
2025-03-03 11:08:04,440 - lisa - INFO - Getting the horizon z for (M, mu)=(1274274.985703132, 127.42749857031322)
2025-03-03 11:08:04,443 - lisa - INFO - Finished finding horizon z for (M, mu)=(1274274.985703132, 127.42749857031322)
2025-03-03 11:08:04,443 - lisa - INFO - Started processing (M, mu)=(2069138.0811147902, 206.91380811147903)
2025-03-03 11:08:17,202 - lisa - INFO - New p0 found
2025-03-03 11:08:17,202 - lisa - INFO - new p0=15.338435704668617
2025-03-03 11:09:55,246 - lisa - INFO - Finished processing (M, mu)=(2069138.0811147902, 206.91380811147903); etime=110.80297875404358; ram=(971055, 266025295)
2025-03-03 11:09:55,247 - lisa - INFO - Getting the horizon z for (M, mu)=(2069138.0811147902, 206.91380811147903)
2025-03-03 11:09:55,250 - lisa - INFO - Finished finding horizon z for (M, mu)=(2069138.0811147902, 206.91380811147903)
2025-03-03 11:09:55,251 - lisa - INFO - Started processing (M, mu)=(3359818.286283781, 335.9818286283781)
2025-03-03 11:10:07,754 - lisa - INFO - New p0 found
2025-03-03 11:10:07,755 - lisa - INFO - new p0=13.678115326490873
2025-03-03 11:11:45,069 - lisa - INFO - Finished processing (M, mu)=(3359818.286283781, 335.9818286283781); etime=109.81844353675842; ram=(972319, 266028559)
2025-03-03 11:11:45,070 - lisa - INFO - Getting the horizon z for (M, mu)=(3359818.286283781, 335.9818286283781)
2025-03-03 11:11:45,074 - lisa - INFO - Finished finding horizon z for (M, mu)=(3359818.286283781, 335.9818286283781)
2025-03-03 11:11:45,074 - lisa - INFO - Started processing (M, mu)=(5455594.781168515, 545.5594781168516)
2025-03-03 11:11:57,136 - lisa - INFO - New p0 found
2025-03-03 11:11:57,136 - lisa - INFO - new p0=12.22586097963623
2025-03-03 11:13:36,089 - lisa - INFO - Finished processing (M, mu)=(5455594.781168515, 545.5594781168516); etime=111.01521825790405; ram=(981255, 266035259)
2025-03-03 11:13:36,090 - lisa - INFO - Getting the horizon z for (M, mu)=(5455594.781168515, 545.5594781168516)
2025-03-03 11:13:36,093 - lisa - INFO - Finished finding horizon z for (M, mu)=(5455594.781168515, 545.5594781168516)
2025-03-03 11:13:36,094 - lisa - INFO - Started processing (M, mu)=(8858667.904100832, 885.8667904100832)
2025-03-03 11:13:47,176 - lisa - INFO - New p0 found
2025-03-03 11:13:47,176 - lisa - INFO - new p0=10.96060015150615
2025-03-03 11:15:21,984 - lisa - INFO - Finished processing (M, mu)=(8858667.904100832, 885.8667904100832); etime=105.8906238079071; ram=(984043, 266037935)
2025-03-03 11:15:21,985 - lisa - INFO - Getting the horizon z for (M, mu)=(8858667.904100832, 885.8667904100832)
2025-03-03 11:15:21,989 - lisa - INFO - Finished finding horizon z for (M, mu)=(8858667.904100832, 885.8667904100832)
2025-03-03 11:15:21,989 - lisa - INFO - Started processing (M, mu)=(14384498.882876629, 1438.449888287663)
2025-03-03 11:15:31,781 - lisa - INFO - New p0 found
2025-03-03 11:15:31,782 - lisa - INFO - new p0=9.86392025788152
2025-03-03 11:17:05,246 - lisa - INFO - Finished processing (M, mu)=(14384498.882876629, 1438.449888287663); etime=103.25676774978638; ram=(986323, 266040159)
2025-03-03 11:17:05,247 - lisa - INFO - Getting the horizon z for (M, mu)=(14384498.882876629, 1438.449888287663)
2025-03-03 11:17:05,250 - lisa - INFO - Finished finding horizon z for (M, mu)=(14384498.882876629, 1438.449888287663)
2025-03-03 11:17:05,250 - lisa - INFO - Started processing (M, mu)=(23357214.690901212, 2335.7214690901214)
2025-03-03 11:17:14,809 - lisa - INFO - New p0 found
2025-03-03 11:17:14,810 - lisa - INFO - new p0=8.919670172481785
2025-03-03 11:18:46,368 - lisa - INFO - Finished processing (M, mu)=(23357214.690901212, 2335.7214690901214); etime=101.11761736869812; ram=(985891, 266040567)
2025-03-03 11:18:46,369 - lisa - INFO - Getting the horizon z for (M, mu)=(23357214.690901212, 2335.7214690901214)
2025-03-03 11:18:46,373 - lisa - INFO - Finished finding horizon z for (M, mu)=(23357214.690901212, 2335.7214690901214)
2025-03-03 11:18:46,373 - lisa - INFO - Started processing (M, mu)=(37926901.90732246, 3792.6901907322463)
2025-03-03 11:18:54,034 - lisa - INFO - New p0 found
2025-03-03 11:18:54,035 - lisa - INFO - new p0=8.113528215101878
2025-03-03 11:20:22,534 - lisa - INFO - Finished processing (M, mu)=(37926901.90732246, 3792.6901907322463); etime=96.1606674194336; ram=(988155, 266043343)
2025-03-03 11:20:22,535 - lisa - INFO - Getting the horizon z for (M, mu)=(37926901.90732246, 3792.6901907322463)
2025-03-03 11:20:22,538 - lisa - INFO - Finished finding horizon z for (M, mu)=(37926901.90732246, 3792.6901907322463)
2025-03-03 11:20:22,538 - lisa - INFO - Started processing (M, mu)=(61584821.10660254, 6158.482110660255)
2025-03-03 11:20:32,963 - lisa - INFO - New p0 found
2025-03-03 11:20:32,963 - lisa - INFO - new p0=7.43251322226584
2025-03-03 11:22:01,502 - lisa - INFO - Finished processing (M, mu)=(61584821.10660254, 6158.482110660255); etime=98.9640429019928; ram=(944483, 266048195)
2025-03-03 11:22:01,503 - lisa - INFO - Getting the horizon z for (M, mu)=(61584821.10660254, 6158.482110660255)
2025-03-03 11:22:01,506 - lisa - INFO - Finished finding horizon z for (M, mu)=(61584821.10660254, 6158.482110660255)
2025-03-03 11:22:01,507 - lisa - INFO - Started processing (M, mu)=(100000000.0, 10000.0)
2025-03-03 11:22:07,954 - lisa - INFO - New p0 found
2025-03-03 11:22:07,955 - lisa - INFO - new p0=6.864436620616152
2025-03-03 11:23:34,291 - lisa - INFO - Finished processing (M, mu)=(100000000.0, 10000.0); etime=92.78422784805298; ram=(954355, 266044179)
2025-03-03 11:23:34,292 - lisa - INFO - Getting the horizon z for (M, mu)=(100000000.0, 10000.0)
2025-03-03 11:23:34,295 - lisa - INFO - Finished finding horizon z for (M, mu)=(100000000.0, 10000.0)
2025-03-03 11:23:34,295 - lisa - INFO - Started processing (M, mu)=(10000.0, 10.0)
2025-03-03 11:23:51,360 - lisa - INFO - New p0 found
2025-03-03 11:23:51,360 - lisa - INFO - new p0=102.13259191095236
2025-03-03 11:25:55,823 - lisa - INFO - Finished processing (M, mu)=(10000.0, 10.0); etime=141.5274953842163; ram=(961393, 266043461)
2025-03-03 11:25:55,824 - lisa - INFO - Getting the horizon z for (M, mu)=(10000.0, 10.0)
2025-03-03 11:25:55,828 - lisa - INFO - Finished finding horizon z for (M, mu)=(10000.0, 10.0)
2025-03-03 11:25:55,828 - lisa - INFO - Started processing (M, mu)=(16237.76739188721, 16.23776739188721)
2025-03-03 11:26:10,104 - lisa - INFO - New p0 found
2025-03-03 11:26:10,105 - lisa - INFO - new p0=90.44500647156029
2025-03-03 11:28:14,872 - lisa - INFO - Finished processing (M, mu)=(16237.76739188721, 16.23776739188721); etime=139.04363322257996; ram=(959927, 266035779)
2025-03-03 11:28:14,873 - lisa - INFO - Getting the horizon z for (M, mu)=(16237.76739188721, 16.23776739188721)
2025-03-03 11:28:14,875 - lisa - INFO - Finished finding horizon z for (M, mu)=(16237.76739188721, 16.23776739188721)
2025-03-03 11:28:14,875 - lisa - INFO - Started processing (M, mu)=(26366.508987303554, 26.366508987303554)
2025-03-03 11:28:31,710 - lisa - INFO - New p0 found
2025-03-03 11:28:31,710 - lisa - INFO - new p0=80.0948073080425
2025-03-03 11:30:31,320 - lisa - INFO - Finished processing (M, mu)=(26366.508987303554, 26.366508987303554); etime=136.4447910785675; ram=(966815, 266029963)
2025-03-03 11:30:31,321 - lisa - INFO - Getting the horizon z for (M, mu)=(26366.508987303554, 26.366508987303554)
2025-03-03 11:30:31,325 - lisa - INFO - Finished finding horizon z for (M, mu)=(26366.508987303554, 26.366508987303554)
2025-03-03 11:30:31,325 - lisa - INFO - Started processing (M, mu)=(42813.32398719396, 42.81332398719396)
2025-03-03 11:30:47,772 - lisa - INFO - New p0 found
2025-03-03 11:30:47,772 - lisa - INFO - new p0=70.92961401852536
2025-03-03 11:32:53,545 - lisa - INFO - Finished processing (M, mu)=(42813.32398719396, 42.81332398719396); etime=142.22056484222412; ram=(970183, 266026883)
2025-03-03 11:32:53,546 - lisa - INFO - Getting the horizon z for (M, mu)=(42813.32398719396, 42.81332398719396)
2025-03-03 11:32:53,549 - lisa - INFO - Finished finding horizon z for (M, mu)=(42813.32398719396, 42.81332398719396)
2025-03-03 11:32:53,549 - lisa - INFO - Started processing (M, mu)=(69519.27961775605, 69.51927961775606)
2025-03-03 11:33:12,128 - lisa - INFO - New p0 found
2025-03-03 11:33:12,129 - lisa - INFO - new p0=62.81446972274859
2025-03-03 11:35:13,549 - lisa - INFO - Finished processing (M, mu)=(69519.27961775605, 69.51927961775606); etime=139.99968314170837; ram=(974943, 266030963)
2025-03-03 11:35:13,549 - lisa - INFO - Getting the horizon z for (M, mu)=(69519.27961775605, 69.51927961775606)
2025-03-03 11:35:13,552 - lisa - INFO - Finished finding horizon z for (M, mu)=(69519.27961775605, 69.51927961775606)
2025-03-03 11:35:13,552 - lisa - INFO - Started processing (M, mu)=(112883.78916846884, 112.88378916846884)
2025-03-03 11:35:28,226 - lisa - INFO - New p0 found
2025-03-03 11:35:28,226 - lisa - INFO - new p0=55.62985898622872
2025-03-03 11:37:24,385 - lisa - INFO - Finished processing (M, mu)=(112883.78916846884, 112.88378916846884); etime=130.83321475982666; ram=(979695, 266038931)
2025-03-03 11:37:24,386 - lisa - INFO - Getting the horizon z for (M, mu)=(112883.78916846884, 112.88378916846884)
2025-03-03 11:37:24,389 - lisa - INFO - Finished finding horizon z for (M, mu)=(112883.78916846884, 112.88378916846884)
2025-03-03 11:37:24,390 - lisa - INFO - Started processing (M, mu)=(183298.07108324376, 183.29807108324377)
2025-03-03 11:37:34,944 - lisa - INFO - New p0 found
2025-03-03 11:37:34,945 - lisa - INFO - new p0=49.26995353749836
2025-03-03 11:39:27,389 - lisa - INFO - Finished processing (M, mu)=(183298.07108324376, 183.29807108324377); etime=122.99906134605408; ram=(980226, 266039214)
2025-03-03 11:39:27,390 - lisa - INFO - Getting the horizon z for (M, mu)=(183298.07108324376, 183.29807108324377)
2025-03-03 11:39:27,393 - lisa - INFO - Finished finding horizon z for (M, mu)=(183298.07108324376, 183.29807108324377)
2025-03-03 11:39:27,393 - lisa - INFO - Started processing (M, mu)=(297635.14416313195, 297.63514416313194)
2025-03-03 11:39:37,838 - lisa - INFO - New p0 found
2025-03-03 11:39:37,838 - lisa - INFO - new p0=43.641060121181525
2025-03-03 11:41:27,655 - lisa - INFO - Finished processing (M, mu)=(297635.14416313195, 297.63514416313194); etime=120.26189517974854; ram=(984935, 266038715)
2025-03-03 11:41:27,656 - lisa - INFO - Getting the horizon z for (M, mu)=(297635.14416313195, 297.63514416313194)
2025-03-03 11:41:27,660 - lisa - INFO - Finished finding horizon z for (M, mu)=(297635.14416313195, 297.63514416313194)
2025-03-03 11:41:27,660 - lisa - INFO - Started processing (M, mu)=(483293.0238571752, 483.2930238571752)
2025-03-03 11:41:40,980 - lisa - INFO - New p0 found
2025-03-03 11:41:40,981 - lisa - INFO - new p0=38.66024780272153
2025-03-03 11:43:30,394 - lisa - INFO - Finished processing (M, mu)=(483293.0238571752, 483.2930238571752); etime=122.73471236228943; ram=(990567, 266044627)
2025-03-03 11:43:30,395 - lisa - INFO - Getting the horizon z for (M, mu)=(483293.0238571752, 483.2930238571752)
2025-03-03 11:43:30,399 - lisa - INFO - Finished finding horizon z for (M, mu)=(483293.0238571752, 483.2930238571752)
2025-03-03 11:43:30,399 - lisa - INFO - Started processing (M, mu)=(784759.9703514606, 784.7599703514607)
2025-03-03 11:43:51,382 - lisa - INFO - New p0 found
2025-03-03 11:43:51,382 - lisa - INFO - new p0=34.254134647830476
2025-03-03 11:45:35,889 - lisa - INFO - Finished processing (M, mu)=(784759.9703514606, 784.7599703514607); etime=125.4891426563263; ram=(948623, 266047187)
2025-03-03 11:45:35,889 - lisa - INFO - Getting the horizon z for (M, mu)=(784759.9703514606, 784.7599703514607)
2025-03-03 11:45:35,892 - lisa - INFO - Finished finding horizon z for (M, mu)=(784759.9703514606, 784.7599703514607)
2025-03-03 11:45:35,893 - lisa - INFO - Started processing (M, mu)=(1274274.985703132, 1274.2749857031322)
2025-03-03 11:45:48,631 - lisa - INFO - New p0 found
2025-03-03 11:45:48,631 - lisa - INFO - new p0=30.357815990395927
2025-03-03 11:47:30,209 - lisa - INFO - Finished processing (M, mu)=(1274274.985703132, 1274.2749857031322); etime=114.31619167327881; ram=(955539, 266043259)
2025-03-03 11:47:30,210 - lisa - INFO - Getting the horizon z for (M, mu)=(1274274.985703132, 1274.2749857031322)
2025-03-03 11:47:30,213 - lisa - INFO - Finished finding horizon z for (M, mu)=(1274274.985703132, 1274.2749857031322)
2025-03-03 11:47:30,213 - lisa - INFO - Started processing (M, mu)=(2069138.0811147902, 2069.13808111479)
2025-03-03 11:47:40,961 - lisa - INFO - New p0 found
2025-03-03 11:47:40,961 - lisa - INFO - new p0=26.91391845182101
2025-03-03 11:49:24,635 - lisa - INFO - Finished processing (M, mu)=(2069138.0811147902, 2069.13808111479); etime=114.42159366607666; ram=(957251, 266039883)
2025-03-03 11:49:24,636 - lisa - INFO - Getting the horizon z for (M, mu)=(2069138.0811147902, 2069.13808111479)
2025-03-03 11:49:24,639 - lisa - INFO - Finished finding horizon z for (M, mu)=(2069138.0811147902, 2069.13808111479)
2025-03-03 11:49:24,639 - lisa - INFO - Started processing (M, mu)=(3359818.286283781, 3359.8182862837807)
2025-03-03 11:49:35,079 - lisa - INFO - New p0 found
2025-03-03 11:49:35,079 - lisa - INFO - new p0=23.871765504326653
2025-03-03 11:51:20,187 - lisa - INFO - Finished processing (M, mu)=(3359818.286283781, 3359.8182862837807); etime=115.54737424850464; ram=(959547, 266037819)
2025-03-03 11:51:20,188 - lisa - INFO - Getting the horizon z for (M, mu)=(3359818.286283781, 3359.8182862837807)
2025-03-03 11:51:20,191 - lisa - INFO - Finished finding horizon z for (M, mu)=(3359818.286283781, 3359.8182862837807)
2025-03-03 11:51:20,191 - lisa - INFO - Started processing (M, mu)=(5455594.781168515, 5455.594781168515)
2025-03-03 11:51:33,305 - lisa - INFO - New p0 found
2025-03-03 11:51:33,305 - lisa - INFO - new p0=21.186641657825035
2025-03-03 11:53:16,595 - lisa - INFO - Finished processing (M, mu)=(5455594.781168515, 5455.594781168515); etime=116.40353631973267; ram=(963259, 266036711)
2025-03-03 11:53:16,596 - lisa - INFO - Getting the horizon z for (M, mu)=(5455594.781168515, 5455.594781168515)
2025-03-03 11:53:16,599 - lisa - INFO - Finished finding horizon z for (M, mu)=(5455594.781168515, 5455.594781168515)
2025-03-03 11:53:16,599 - lisa - INFO - Started processing (M, mu)=(8858667.904100832, 8858.667904100832)
2025-03-03 11:53:28,641 - lisa - INFO - New p0 found
2025-03-03 11:53:28,641 - lisa - INFO - new p0=18.819143254030386
2025-03-03 11:55:08,526 - lisa - INFO - Finished processing (M, mu)=(8858667.904100832, 8858.667904100832); etime=111.9263243675232; ram=(966475, 266031951)
2025-03-03 11:55:08,527 - lisa - INFO - Getting the horizon z for (M, mu)=(8858667.904100832, 8858.667904100832)
2025-03-03 11:55:08,530 - lisa - INFO - Finished finding horizon z for (M, mu)=(8858667.904100832, 8858.667904100832)
2025-03-03 11:55:08,531 - lisa - INFO - Started processing (M, mu)=(14384498.882876629, 14384.498882876629)
2025-03-03 11:55:22,069 - lisa - INFO - New p0 found
2025-03-03 11:55:22,069 - lisa - INFO - new p0=16.73460433117139
2025-03-03 11:57:00,604 - lisa - INFO - Finished processing (M, mu)=(14384498.882876629, 14384.498882876629); etime=112.07346153259277; ram=(971247, 266029399)
2025-03-03 11:57:00,605 - lisa - INFO - Getting the horizon z for (M, mu)=(14384498.882876629, 14384.498882876629)
2025-03-03 11:57:00,608 - lisa - INFO - Finished finding horizon z for (M, mu)=(14384498.882876629, 14384.498882876629)
2025-03-03 11:57:00,608 - lisa - INFO - Started processing (M, mu)=(23357214.690901212, 23357.21469090121)
2025-03-03 11:57:11,145 - lisa - INFO - New p0 found
2025-03-03 11:57:11,146 - lisa - INFO - new p0=14.902586060258955
2025-03-03 11:58:48,536 - lisa - INFO - Finished processing (M, mu)=(23357214.690901212, 23357.21469090121); etime=107.92783403396606; ram=(972687, 266026747)
2025-03-03 11:58:48,537 - lisa - INFO - Getting the horizon z for (M, mu)=(23357214.690901212, 23357.21469090121)
2025-03-03 11:58:48,540 - lisa - INFO - Finished finding horizon z for (M, mu)=(23357214.690901212, 23357.21469090121)
2025-03-03 11:58:48,541 - lisa - INFO - Started processing (M, mu)=(37926901.90732246, 37926.90190732246)
2025-03-03 11:59:02,224 - lisa - INFO - New p0 found
2025-03-03 11:59:02,225 - lisa - INFO - new p0=13.29641780264836
2025-03-03 12:00:36,284 - lisa - INFO - Finished processing (M, mu)=(37926901.90732246, 37926.90190732246); etime=107.74335217475891; ram=(975031, 266033451)
2025-03-03 12:00:36,285 - lisa - INFO - Getting the horizon z for (M, mu)=(37926901.90732246, 37926.90190732246)
2025-03-03 12:00:36,288 - lisa - INFO - Finished finding horizon z for (M, mu)=(37926901.90732246, 37926.90190732246)
2025-03-03 12:00:36,289 - lisa - INFO - Started processing (M, mu)=(61584821.10660254, 61584.82110660255)
2025-03-03 12:00:48,060 - lisa - INFO - New p0 found
2025-03-03 12:00:48,060 - lisa - INFO - new p0=11.89277683424488
2025-03-03 12:02:19,213 - lisa - INFO - Finished processing (M, mu)=(61584821.10660254, 61584.82110660255); etime=102.92448163032532; ram=(978907, 266037923)
2025-03-03 12:02:19,214 - lisa - INFO - Getting the horizon z for (M, mu)=(61584821.10660254, 61584.82110660255)
2025-03-03 12:02:19,217 - lisa - INFO - Finished finding horizon z for (M, mu)=(61584821.10660254, 61584.82110660255)
2025-03-03 12:02:19,217 - lisa - INFO - Saving data. Output file: newfew_dense/so3-horizon-data.0_-1.pkl
2025-03-03 12:02:19,219 - lisa - INFO - Saving horizon_z. Output file: newfew_dense/so3-horizon-z.0_-1.pkl
2025-03-03 12:02:19,220 - lisa - INFO - Creating the flag file newfew_dense/done.0_-1.flag
